#
# There is insufficient memory for the Java Runtime Environment to continue.
# Native memory allocation (mmap) failed to map 715653120 bytes for committing reserved memory.
# Possible reasons:
#   The system is out of physical RAM or swap space
#   The process is running with CompressedOops enabled, and the Java Heap may be blocking the growth of the native heap
# Possible solutions:
#   Reduce memory load on the system
#   Increase physical memory or swap space
#   Check if swap backing store is full
#   Decrease Java heap size (-Xmx/-Xms)
#   Decrease number of Java threads
#   Decrease Java thread stack sizes (-Xss)
#   Set larger code cache with -XX:ReservedCodeCacheSize=
# This output file may be truncated or incomplete.
#
#  Out of Memory Error (os_linux.cpp:2756), pid=3005, tid=0x00007fb6f80db700
#
# JRE version:  (8.0_212-b01) (build )
# Java VM: OpenJDK 64-Bit Server VM (25.212-b01 mixed mode linux-amd64 compressed oops)
# Failed to write core dump. Core dumps have been disabled. To enable core dumping, try "ulimit -c unlimited" before starting Java again
#

---------------  T H R E A D  ---------------

Current thread (0x00007fb6f000a800):  JavaThread "Unknown thread" [_thread_in_vm, id=3006, stack(0x00007fb6f7fdc000,0x00007fb6f80dc000)]

Stack: [0x00007fb6f7fdc000,0x00007fb6f80dc000],  sp=0x00007fb6f80da5f0,  free space=1017k
Native frames: (J=compiled Java code, j=interpreted, Vv=VM code, C=native code)
V  [libjvm.so+0xa1ec15]
V  [libjvm.so+0x4b2027]
V  [libjvm.so+0x883858]
V  [libjvm.so+0x87af4e]
V  [libjvm.so+0x8f349e]
V  [libjvm.so+0x8f53e0]
V  [libjvm.so+0x2bb054]
V  [libjvm.so+0x8a568e]
V  [libjvm.so+0x9e574a]
V  [libjvm.so+0x9e5a05]
V  [libjvm.so+0x5ee2df]
V  [libjvm.so+0x9c9a31]
V  [libjvm.so+0x65b661]  JNI_CreateJavaVM+0x61
C  [libjli.so+0x2e7f]
C  [libjli.so+0x75fd]
C  [libpthread.so.0+0x9182]  start_thread+0xe2


---------------  P R O C E S S  ---------------

Java Threads: ( => current thread )

Other Threads:

=>0x00007fb6f000a800 (exited) JavaThread "Unknown thread" [_thread_in_vm, id=3006, stack(0x00007fb6f7fdc000,0x00007fb6f80dc000)]

VM state:not at safepoint (not fully initialized)

VM Mutex/Monitor currently owned by a thread: None

heap address: 0x0000000080000000, size: 2048 MB, Compressed Oops mode: Non-zero based:0x000000007ffff000
Narrow klass base: 0x0000000000000000, Narrow klass shift: 0

GC Heap History (0 events):
No events

Deoptimization events (0 events):
No events

Classes redefined (0 events):
No events

Internal exceptions (0 events):
No events

Events (0 events):
No events


Dynamic libraries:
80000000-d5580000 ---p 00000000 00:00 0 
562f6270b000-562f6270c000 r--p 00000000 08:02 39485                      /usr/lib/jvm/java-8-openjdk-amd64/jre/bin/java
562f6270c000-562f6270d000 r-xp 00001000 08:02 39485                      /usr/lib/jvm/java-8-openjdk-amd64/jre/bin/java
562f6270d000-562f6270e000 r--p 00002000 08:02 39485                      /usr/lib/jvm/java-8-openjdk-amd64/jre/bin/java
562f6270e000-562f6270f000 r--p 00002000 08:02 39485                      /usr/lib/jvm/java-8-openjdk-amd64/jre/bin/java
562f6270f000-562f62710000 rw-p 00003000 08:02 39485                      /usr/lib/jvm/java-8-openjdk-amd64/jre/bin/java
562f629c0000-562f629e1000 rw-p 00000000 00:00 0                          [heap]
7fb6e1000000-7fb6e1270000 rwxp 00000000 00:00 0 
7fb6e1270000-7fb6f0000000 ---p 00000000 00:00 0 
7fb6f0000000-7fb6f0031000 rw-p 00000000 00:00 0 
7fb6f0031000-7fb6f4000000 ---p 00000000 00:00 0 
7fb6f77b5000-7fb6f7bb5000 ---p 00000000 00:00 0 
7fb6f7bb5000-7fb6f7bc0000 rw-p 00000000 00:00 0 
7fb6f7bc0000-7fb6f7f76000 ---p 00000000 00:00 0 
7fb6f7f76000-7fb6f7f79000 r--p 00000000 08:02 8112                       /usr/lib/x86_64-linux-gnu/libnss_files-2.29.so
7fb6f7f79000-7fb6f7f80000 r-xp 00003000 08:02 8112                       /usr/lib/x86_64-linux-gnu/libnss_files-2.29.so
7fb6f7f80000-7fb6f7f82000 r--p 0000a000 08:02 8112                       /usr/lib/x86_64-linux-gnu/libnss_files-2.29.so
7fb6f7f82000-7fb6f7f83000 r--p 0000b000 08:02 8112                       /usr/lib/x86_64-linux-gnu/libnss_files-2.29.so
7fb6f7f83000-7fb6f7f84000 rw-p 0000c000 08:02 8112                       /usr/lib/x86_64-linux-gnu/libnss_files-2.29.so
7fb6f7f84000-7fb6f7f8a000 rw-p 00000000 00:00 0 
7fb6f7f8e000-7fb6f7f91000 r--p 00000000 08:02 39576                      /usr/lib/jvm/java-8-openjdk-amd64/jre/lib/amd64/libzip.so
7fb6f7f91000-7fb6f7f95000 r-xp 00003000 08:02 39576                      /usr/lib/jvm/java-8-openjdk-amd64/jre/lib/amd64/libzip.so
7fb6f7f95000-7fb6f7f97000 r--p 00007000 08:02 39576                      /usr/lib/jvm/java-8-openjdk-amd64/jre/lib/amd64/libzip.so
7fb6f7f97000-7fb6f7f98000 r--p 00008000 08:02 39576                      /usr/lib/jvm/java-8-openjdk-amd64/jre/lib/amd64/libzip.so
7fb6f7f98000-7fb6f7f99000 rw-p 00009000 08:02 39576                      /usr/lib/jvm/java-8-openjdk-amd64/jre/lib/amd64/libzip.so
7fb6f7f99000-7fb6f7fa1000 rw-s 00000000 08:02 283722                     /tmp/hsperfdata_root/3005
7fb6f7fa1000-7fb6f7fae000 r--p 00000000 08:02 39557                      /usr/lib/jvm/java-8-openjdk-amd64/jre/lib/amd64/libjava.so
7fb6f7fae000-7fb6f7fc6000 r-xp 0000d000 08:02 39557                      /usr/lib/jvm/java-8-openjdk-amd64/jre/lib/amd64/libjava.so
7fb6f7fc6000-7fb6f7fcd000 r--p 00025000 08:02 39557                      /usr/lib/jvm/java-8-openjdk-amd64/jre/lib/amd64/libjava.so
7fb6f7fcd000-7fb6f7fce000 r--p 0002b000 08:02 39557                      /usr/lib/jvm/java-8-openjdk-amd64/jre/lib/amd64/libjava.so
7fb6f7fce000-7fb6f7fd0000 rw-p 0002c000 08:02 39557                      /usr/lib/jvm/java-8-openjdk-amd64/jre/lib/amd64/libjava.so
7fb6f7fd0000-7fb6f7fd3000 r--p 00000000 08:02 8153                       /usr/lib/x86_64-linux-gnu/librt-2.29.so
7fb6f7fd3000-7fb6f7fd7000 r-xp 00003000 08:02 8153                       /usr/lib/x86_64-linux-gnu/librt-2.29.so
7fb6f7fd7000-7fb6f7fd9000 r--p 00007000 08:02 8153                       /usr/lib/x86_64-linux-gnu/librt-2.29.so
7fb6f7fd9000-7fb6f7fda000 r--p 00008000 08:02 8153                       /usr/lib/x86_64-linux-gnu/librt-2.29.so
7fb6f7fda000-7fb6f7fdb000 rw-p 00009000 08:02 8153                       /usr/lib/x86_64-linux-gnu/librt-2.29.so
7fb6f7fdb000-7fb6f7fdc000 ---p 00000000 00:00 0 
7fb6f7fdc000-7fb6f7fdf000 ---p 00000000 00:00 0 
7fb6f7fdf000-7fb6f80dc000 rw-p 00000000 00:00 0 
7fb6f80dc000-7fb6f80df000 r--p 00000000 08:02 8025                       /usr/lib/x86_64-linux-gnu/libgcc_s.so.1
7fb6f80df000-7fb6f80f0000 r-xp 00003000 08:02 8025                       /usr/lib/x86_64-linux-gnu/libgcc_s.so.1
7fb6f80f0000-7fb6f80f4000 r--p 00014000 08:02 8025                       /usr/lib/x86_64-linux-gnu/libgcc_s.so.1
7fb6f80f4000-7fb6f80f5000 r--p 00017000 08:02 8025                       /usr/lib/x86_64-linux-gnu/libgcc_s.so.1
7fb6f80f5000-7fb6f80f6000 rw-p 00018000 08:02 8025                       /usr/lib/x86_64-linux-gnu/libgcc_s.so.1
7fb6f80f6000-7fb6f8105000 r--p 00000000 08:02 8084                       /usr/lib/x86_64-linux-gnu/libm-2.29.so
7fb6f8105000-7fb6f81ab000 r-xp 0000f000 08:02 8084                       /usr/lib/x86_64-linux-gnu/libm-2.29.so
7fb6f81ab000-7fb6f8242000 r--p 000b5000 08:02 8084                       /usr/lib/x86_64-linux-gnu/libm-2.29.so
7fb6f8242000-7fb6f8243000 r--p 0014b000 08:02 8084                       /usr/lib/x86_64-linux-gnu/libm-2.29.so
7fb6f8243000-7fb6f8244000 rw-p 0014c000 08:02 8084                       /usr/lib/x86_64-linux-gnu/libm-2.29.so
7fb6f8244000-7fb6f82d9000 r--p 00000000 08:02 8171                       /usr/lib/x86_64-linux-gnu/libstdc++.so.6.0.26
7fb6f82d9000-7fb6f83ca000 r-xp 00095000 08:02 8171                       /usr/lib/x86_64-linux-gnu/libstdc++.so.6.0.26
7fb6f83ca000-7fb6f8413000 r--p 00186000 08:02 8171                       /usr/lib/x86_64-linux-gnu/libstdc++.so.6.0.26
7fb6f8413000-7fb6f8414000 ---p 001cf000 08:02 8171                       /usr/lib/x86_64-linux-gnu/libstdc++.so.6.0.26
7fb6f8414000-7fb6f841f000 r--p 001cf000 08:02 8171                       /usr/lib/x86_64-linux-gnu/libstdc++.so.6.0.26
7fb6f841f000-7fb6f8422000 rw-p 001da000 08:02 8171                       /usr/lib/x86_64-linux-gnu/libstdc++.so.6.0.26
7fb6f8422000-7fb6f8425000 rw-p 00000000 00:00 0 
7fb6f8425000-7fb6f8614000 r--p 00000000 08:02 39579                      /usr/lib/jvm/java-8-openjdk-amd64/jre/lib/amd64/server/libjvm.so
7fb6f8614000-7fb6f8e65000 r-xp 001ef000 08:02 39579                      /usr/lib/jvm/java-8-openjdk-amd64/jre/lib/amd64/server/libjvm.so
7fb6f8e65000-7fb6f9003000 r--p 00a40000 08:02 39579                      /usr/lib/jvm/java-8-openjdk-amd64/jre/lib/amd64/server/libjvm.so
7fb6f9003000-7fb6f9097000 r--p 00bdd000 08:02 39579                      /usr/lib/jvm/java-8-openjdk-amd64/jre/lib/amd64/server/libjvm.so
7fb6f9097000-7fb6f90c0000 rw-p 00c71000 08:02 39579                      /usr/lib/jvm/java-8-openjdk-amd64/jre/lib/amd64/server/libjvm.so
7fb6f90c0000-7fb6f90f2000 rw-p 00000000 00:00 0 
7fb6f90f2000-7fb6f90f9000 r--p 00000000 08:02 8146                       /usr/lib/x86_64-linux-gnu/libpthread-2.29.so
7fb6f90f9000-7fb6f9108000 r-xp 00007000 08:02 8146                       /usr/lib/x86_64-linux-gnu/libpthread-2.29.so
7fb6f9108000-7fb6f910d000 r--p 00016000 08:02 8146                       /usr/lib/x86_64-linux-gnu/libpthread-2.29.so
7fb6f910d000-7fb6f910e000 r--p 0001a000 08:02 8146                       /usr/lib/x86_64-linux-gnu/libpthread-2.29.so
7fb6f910e000-7fb6f910f000 rw-p 0001b000 08:02 8146                       /usr/lib/x86_64-linux-gnu/libpthread-2.29.so
7fb6f910f000-7fb6f9113000 rw-p 00000000 00:00 0 
7fb6f9113000-7fb6f9114000 r--p 00000000 08:02 8000                       /usr/lib/x86_64-linux-gnu/libdl-2.29.so
7fb6f9114000-7fb6f9116000 r-xp 00001000 08:02 8000                       /usr/lib/x86_64-linux-gnu/libdl-2.29.so
7fb6f9116000-7fb6f9117000 r--p 00003000 08:02 8000                       /usr/lib/x86_64-linux-gnu/libdl-2.29.so
7fb6f9117000-7fb6f9118000 r--p 00003000 08:02 8000                       /usr/lib/x86_64-linux-gnu/libdl-2.29.so
7fb6f9118000-7fb6f9119000 rw-p 00004000 08:02 8000                       /usr/lib/x86_64-linux-gnu/libdl-2.29.so
7fb6f9119000-7fb6f911b000 r--p 00000000 08:02 8206                       /usr/lib/x86_64-linux-gnu/libz.so.1.2.11
7fb6f911b000-7fb6f912c000 r-xp 00002000 08:02 8206                       /usr/lib/x86_64-linux-gnu/libz.so.1.2.11
7fb6f912c000-7fb6f9132000 r--p 00013000 08:02 8206                       /usr/lib/x86_64-linux-gnu/libz.so.1.2.11
7fb6f9132000-7fb6f9133000 ---p 00019000 08:02 8206                       /usr/lib/x86_64-linux-gnu/libz.so.1.2.11
7fb6f9133000-7fb6f9134000 r--p 00019000 08:02 8206                       /usr/lib/x86_64-linux-gnu/libz.so.1.2.11
7fb6f9134000-7fb6f9135000 rw-p 0001a000 08:02 8206                       /usr/lib/x86_64-linux-gnu/libz.so.1.2.11
7fb6f9135000-7fb6f915a000 r--p 00000000 08:02 7985                       /usr/lib/x86_64-linux-gnu/libc-2.29.so
7fb6f915a000-7fb6f92cd000 r-xp 00025000 08:02 7985                       /usr/lib/x86_64-linux-gnu/libc-2.29.so
7fb6f92cd000-7fb6f9316000 r--p 00198000 08:02 7985                       /usr/lib/x86_64-linux-gnu/libc-2.29.so
7fb6f9316000-7fb6f9319000 r--p 001e0000 08:02 7985                       /usr/lib/x86_64-linux-gnu/libc-2.29.so
7fb6f9319000-7fb6f931c000 rw-p 001e3000 08:02 7985                       /usr/lib/x86_64-linux-gnu/libc-2.29.so
7fb6f931c000-7fb6f9320000 rw-p 00000000 00:00 0 
7fb6f9322000-7fb6f9323000 rw-p 00000000 00:00 0 
7fb6f9323000-7fb6f9324000 r--p 00000000 00:00 0 
7fb6f9324000-7fb6f9329000 r--p 00000000 08:02 39575                      /usr/lib/jvm/java-8-openjdk-amd64/jre/lib/amd64/libverify.so
7fb6f9329000-7fb6f9332000 r-xp 00005000 08:02 39575                      /usr/lib/jvm/java-8-openjdk-amd64/jre/lib/amd64/libverify.so
7fb6f9332000-7fb6f9334000 r--p 0000e000 08:02 39575                      /usr/lib/jvm/java-8-openjdk-amd64/jre/lib/amd64/libverify.so
7fb6f9334000-7fb6f9336000 r--p 0000f000 08:02 39575                      /usr/lib/jvm/java-8-openjdk-amd64/jre/lib/amd64/libverify.so
7fb6f9336000-7fb6f9337000 rw-p 00011000 08:02 39575                      /usr/lib/jvm/java-8-openjdk-amd64/jre/lib/amd64/libverify.so
7fb6f9337000-7fb6f9339000 r--p 00000000 08:02 39511                      /usr/lib/jvm/java-8-openjdk-amd64/jre/lib/amd64/jli/libjli.so
7fb6f9339000-7fb6f9342000 r-xp 00002000 08:02 39511                      /usr/lib/jvm/java-8-openjdk-amd64/jre/lib/amd64/jli/libjli.so
7fb6f9342000-7fb6f9345000 r--p 0000b000 08:02 39511                      /usr/lib/jvm/java-8-openjdk-amd64/jre/lib/amd64/jli/libjli.so
7fb6f9345000-7fb6f9346000 r--p 0000d000 08:02 39511                      /usr/lib/jvm/java-8-openjdk-amd64/jre/lib/amd64/jli/libjli.so
7fb6f9346000-7fb6f9347000 rw-p 0000e000 08:02 39511                      /usr/lib/jvm/java-8-openjdk-amd64/jre/lib/amd64/jli/libjli.so
7fb6f9347000-7fb6f9349000 rw-p 00000000 00:00 0 
7fb6f9349000-7fb6f934a000 r--p 00000000 08:02 7958                       /usr/lib/x86_64-linux-gnu/ld-2.29.so
7fb6f934a000-7fb6f936b000 r-xp 00001000 08:02 7958                       /usr/lib/x86_64-linux-gnu/ld-2.29.so
7fb6f936b000-7fb6f9373000 r--p 00022000 08:02 7958                       /usr/lib/x86_64-linux-gnu/ld-2.29.so
7fb6f9373000-7fb6f9374000 r--p 00029000 08:02 7958                       /usr/lib/x86_64-linux-gnu/ld-2.29.so
7fb6f9374000-7fb6f9375000 rw-p 0002a000 08:02 7958                       /usr/lib/x86_64-linux-gnu/ld-2.29.so
7fb6f9375000-7fb6f9376000 rw-p 00000000 00:00 0 
7ffda2a81000-7ffda2aa2000 rw-p 00000000 00:00 0                          [stack]
7ffda2b10000-7ffda2b13000 r--p 00000000 00:00 0                          [vvar]
7ffda2b13000-7ffda2b14000 r-xp 00000000 00:00 0                          [vdso]
ffffffffff600000-ffffffffff601000 r-xp 00000000 00:00 0                  [vsyscall]

VM Arguments:
jvm_args: -Xms2048M -Xmx2048M 
java_command: server.jar
java_class_path (initial): server.jar
Launcher Type: SUN_STANDARD

Environment Variables:
PATH=/usr/local/sbin:/usr/local/bin:/usr/sbin:/usr/bin:/sbin:/bin:/snap/bin
SHELL=/bin/bash

Signal Handlers:
SIGSEGV: [libjvm.so+0xa1f680], sa_mask[0]=11111111011111111101111111111110, sa_flags=SA_RESTART|SA_SIGINFO
SIGBUS: [libjvm.so+0xa1f680], sa_mask[0]=11111111011111111101111111111110, sa_flags=SA_RESTART|SA_SIGINFO
SIGFPE: [libjvm.so+0x87ede0], sa_mask[0]=11111111011111111101111111111110, sa_flags=SA_RESTART|SA_SIGINFO
SIGPIPE: [libjvm.so+0x87ede0], sa_mask[0]=11111111011111111101111111111110, sa_flags=SA_RESTART|SA_SIGINFO
SIGXFSZ: [libjvm.so+0x87ede0], sa_mask[0]=11111111011111111101111111111110, sa_flags=SA_RESTART|SA_SIGINFO
SIGILL: [libjvm.so+0x87ede0], sa_mask[0]=11111111011111111101111111111110, sa_flags=SA_RESTART|SA_SIGINFO
SIGUSR1: SIG_DFL, sa_mask[0]=00000000000000000000000000000000, sa_flags=none
SIGUSR2: [libjvm.so+0x87ec80], sa_mask[0]=00000000000000000000000000000000, sa_flags=SA_RESTART|SA_SIGINFO
SIGHUP: SIG_DFL, sa_mask[0]=00000000000000000000000000000000, sa_flags=none
SIGINT: SIG_DFL, sa_mask[0]=00000000000000000000000000000000, sa_flags=none
SIGTERM: SIG_DFL, sa_mask[0]=00000000000000000000000000000000, sa_flags=none
SIGQUIT: SIG_DFL, sa_mask[0]=00000000000000000000000000000000, sa_flags=none


---------------  S Y S T E M  ---------------

OS:DISTRIB_ID=Ubuntu
DISTRIB_RELEASE=19.04
DISTRIB_CODENAME=disco
DISTRIB_DESCRIPTION="Ubuntu 19.04"

uname:Linux 5.0.0-13-generic #14-Ubuntu SMP Mon Apr 15 14:59:14 UTC 2019 x86_64
libc:glibc 2.29 NPTL 2.29 
rlimit: STACK 8192k, CORE 0k, NPROC 15479, NOFILE 1048576, AS infinity
load average:0.93 0.97 0.99

/proc/meminfo:
MemTotal:        4036816 kB
MemFree:          109600 kB
MemAvailable:      45364 kB
Buffers:           11348 kB
Cached:            69628 kB
SwapCached:            0 kB
Active:          3695456 kB
Inactive:          32880 kB
Active(anon):    3656436 kB
Inactive(anon):     1640 kB
Active(file):      39020 kB
Inactive(file):    31240 kB
Unevictable:       18676 kB
Mlocked:           18676 kB
SwapTotal:             0 kB
SwapFree:              0 kB
Dirty:               164 kB
Writeback:             0 kB
AnonPages:       3666228 kB
Mapped:            43172 kB
Shmem:              2708 kB
KReclaimable:      38364 kB
Slab:             108092 kB
SReclaimable:      38364 kB
SUnreclaim:        69728 kB
KernelStack:        3728 kB
PageTables:        10936 kB
NFS_Unstable:          0 kB
Bounce:                0 kB
WritebackTmp:          0 kB
CommitLimit:     2018408 kB
Committed_AS:    4232916 kB
VmallocTotal:   34359738367 kB
VmallocUsed:           0 kB
VmallocChunk:          0 kB
Percpu:             1840 kB
HardwareCorrupted:     0 kB
AnonHugePages:         0 kB
ShmemHugePages:        0 kB
ShmemPmdMapped:        0 kB
CmaTotal:              0 kB
CmaFree:               0 kB
HugePages_Total:       0
HugePages_Free:        0
HugePages_Rsvd:        0
HugePages_Surp:        0
Hugepagesize:       2048 kB
Hugetlb:               0 kB
DirectMap4k:      126912 kB
DirectMap2M:     4067328 kB

container (cgroup) information:
container_type: cgroupv1
cpu_cpuset_cpus: 0-3
cpu_memory_nodes: 0
active_processor_count: 4
cpu_quota: -1
cpu_period: 100000
cpu_shares: -1
memory_limit_in_bytes: -1
memory_and_swap_limit_in_bytes: -2
memory_soft_limit_in_bytes: -1
memory_usage_in_bytes: 3698057216
memory_max_usage_in_bytes: 3755298816


CPU:total 4 (initial active 4) (4 cores per cpu, 1 threads per core) family 6 model 94 stepping 3, cmov, cx8, fxsr, mmx, sse, sse2, sse3, ssse3, sse4.1, sse4.2, popcnt, avx, avx2, aes, clmul, 3dnowpref, lzcnt, tsc, tscinvbit

/proc/cpuinfo:
processor	: 0
vendor_id	: GenuineIntel
cpu family	: 6
model		: 94
model name	: Intel(R) Core(TM) i7-6700 CPU @ 3.40GHz
stepping	: 3
cpu MHz		: 3407.994
cache size	: 8192 KB
physical id	: 0
siblings	: 4
core id		: 0
cpu cores	: 4
apicid		: 0
initial apicid	: 0
fpu		: yes
fpu_exception	: yes
cpuid level	: 22
wp		: yes
flags		: fpu vme de pse tsc msr pae mce cx8 apic sep mtrr pge mca cmov pat pse36 clflush mmx fxsr sse sse2 ht syscall nx rdtscp lm constant_tsc rep_good nopl xtopology nonstop_tsc cpuid tsc_known_freq pni pclmulqdq ssse3 cx16 pcid sse4_1 sse4_2 x2apic movbe popcnt aes xsave avx rdrand hypervisor lahf_lm abm 3dnowprefetch invpcid_single pti fsgsbase avx2 invpcid rdseed clflushopt
bugs		: cpu_meltdown spectre_v1 spectre_v2 spec_store_bypass l1tf
bogomips	: 6815.98
clflush size	: 64
cache_alignment	: 64
address sizes	: 39 bits physical, 48 bits virtual
power management:

processor	: 1
vendor_id	: GenuineIntel
cpu family	: 6
model		: 94
model name	: Intel(R) Core(TM) i7-6700 CPU @ 3.40GHz
stepping	: 3
cpu MHz		: 3407.994
cache size	: 8192 KB
physical id	: 0
siblings	: 4
core id		: 1
cpu cores	: 4
apicid		: 1
initial apicid	: 1
fpu		: yes
fpu_exception	: yes
cpuid level	: 22
wp		: yes
flags		: fpu vme de pse tsc msr pae mce cx8 apic sep mtrr pge mca cmov pat pse36 clflush mmx fxsr sse sse2 ht syscall nx rdtscp lm constant_tsc rep_good nopl xtopology nonstop_tsc cpuid tsc_known_freq pni pclmulqdq ssse3 cx16 pcid sse4_1 sse4_2 x2apic movbe popcnt aes xsave avx rdrand hypervisor lahf_lm abm 3dnowprefetch invpcid_single pti fsgsbase avx2 invpcid rdseed clflushopt
bugs		: cpu_meltdown spectre_v1 spectre_v2 spec_store_bypass l1tf
bogomips	: 6815.98
clflush size	: 64
cache_alignment	: 64
address sizes	: 39 bits physical, 48 bits virtual
power management:

processor	: 2
vendor_id	: GenuineIntel
cpu family	: 6
model		: 94
model name	: Intel(R) Core(TM) i7-6700 CPU @ 3.40GHz
stepping	: 3
cpu MHz		: 3407.994
cache size	: 8192 KB
physical id	: 0
siblings	: 4
core id		: 2
cpu cores	: 4
apicid		: 2
initial apicid	: 2
fpu		: yes
fpu_exception	: yes
cpuid level	: 22
wp		: yes
flags		: fpu vme de pse tsc msr pae mce cx8 apic sep mtrr pge mca cmov pat pse36 clflush mmx fxsr sse sse2 ht syscall nx rdtscp lm constant_tsc rep_good nopl xtopology nonstop_tsc cpuid tsc_known_freq pni pclmulqdq ssse3 cx16 pcid sse4_1 sse4_2 x2apic movbe popcnt aes xsave avx rdrand hypervisor lahf_lm abm 3dnowprefetch invpcid_single pti fsgsbase avx2 invpcid rdseed clflushopt
bugs		: cpu_meltdown spectre_v1 spectre_v2 spec_store_bypass l1tf
bogomips	: 6815.98
clflush size	: 64
cache_alignment	: 64
address sizes	: 39 bits physical, 48 bits virtual
power management:

processor	: 3
vendor_id	: GenuineIntel
cpu family	: 6
model		: 94
model name	: Intel(R) Core(TM) i7-6700 CPU @ 3.40GHz
stepping	: 3
cpu MHz		: 3407.994
cache size	: 8192 KB
physical id	: 0
siblings	: 4
core id		: 3
cpu cores	: 4
apicid		: 3
initial apicid	: 3
fpu		: yes
fpu_exception	: yes
cpuid level	: 22
wp		: yes
flags		: fpu vme de pse tsc msr pae mce cx8 apic sep mtrr pge mca cmov pat pse36 clflush mmx fxsr sse sse2 ht syscall nx rdtscp lm constant_tsc rep_good nopl xtopology nonstop_tsc cpuid tsc_known_freq pni pclmulqdq ssse3 cx16 pcid sse4_1 sse4_2 x2apic movbe popcnt aes xsave avx rdrand hypervisor lahf_lm abm 3dnowprefetch invpcid_single pti fsgsbase avx2 invpcid rdseed clflushopt
bugs		: cpu_meltdown spectre_v1 spectre_v2 spec_store_bypass l1tf
bogomips	: 6815.98
clflush size	: 64
cache_alignment	: 64
address sizes	: 39 bits physical, 48 bits virtual
power management:



Memory: 4k page, physical 4036816k(109600k free), swap 0k(0k free)

vm_info: OpenJDK 64-Bit Server VM (25.212-b01) for linux-amd64 JRE (1.8.0_212-8u212-b01-1-b01), built on Mar 19 2019 07:26:02 by "buildd" with gcc 8.3.0

time: Mon May 13 00:21:33 2019
timezone: JST
elapsed time: 0 seconds (0d 0h 0m 0s)

