#
# There is insufficient memory for the Java Runtime Environment to continue.
# Native memory allocation (mmap) failed to map 715653120 bytes for committing reserved memory.
# Possible reasons:
#   The system is out of physical RAM or swap space
#   The process is running with CompressedOops enabled, and the Java Heap may be blocking the growth of the native heap
# Possible solutions:
#   Reduce memory load on the system
#   Increase physical memory or swap space
#   Check if swap backing store is full
#   Decrease Java heap size (-Xmx/-Xms)
#   Decrease number of Java threads
#   Decrease Java thread stack sizes (-Xss)
#   Set larger code cache with -XX:ReservedCodeCacheSize=
# This output file may be truncated or incomplete.
#
#  Out of Memory Error (os_linux.cpp:2756), pid=3013, tid=0x00007fc21fd9e700
#
# JRE version:  (8.0_212-b01) (build )
# Java VM: OpenJDK 64-Bit Server VM (25.212-b01 mixed mode linux-amd64 compressed oops)
# Failed to write core dump. Core dumps have been disabled. To enable core dumping, try "ulimit -c unlimited" before starting Java again
#

---------------  T H R E A D  ---------------

Current thread (0x00007fc21800a800):  JavaThread "Unknown thread" [_thread_in_vm, id=3014, stack(0x00007fc21fc9f000,0x00007fc21fd9f000)]

Stack: [0x00007fc21fc9f000,0x00007fc21fd9f000],  sp=0x00007fc21fd9d5f0,  free space=1017k
Native frames: (J=compiled Java code, j=interpreted, Vv=VM code, C=native code)
V  [libjvm.so+0xa1ec15]
V  [libjvm.so+0x4b2027]
V  [libjvm.so+0x883858]
V  [libjvm.so+0x87af4e]
V  [libjvm.so+0x8f349e]
V  [libjvm.so+0x8f53e0]
V  [libjvm.so+0x2bb054]
V  [libjvm.so+0x8a568e]
V  [libjvm.so+0x9e574a]
V  [libjvm.so+0x9e5a05]
V  [libjvm.so+0x5ee2df]
V  [libjvm.so+0x9c9a31]
V  [libjvm.so+0x65b661]  JNI_CreateJavaVM+0x61
C  [libjli.so+0x2e7f]
C  [libjli.so+0x75fd]
C  [libpthread.so.0+0x9182]  start_thread+0xe2


---------------  P R O C E S S  ---------------

Java Threads: ( => current thread )

Other Threads:

=>0x00007fc21800a800 (exited) JavaThread "Unknown thread" [_thread_in_vm, id=3014, stack(0x00007fc21fc9f000,0x00007fc21fd9f000)]

VM state:not at safepoint (not fully initialized)

VM Mutex/Monitor currently owned by a thread: None

heap address: 0x0000000080000000, size: 2048 MB, Compressed Oops mode: Non-zero based:0x000000007ffff000
Narrow klass base: 0x0000000000000000, Narrow klass shift: 0

GC Heap History (0 events):
No events

Deoptimization events (0 events):
No events

Classes redefined (0 events):
No events

Internal exceptions (0 events):
No events

Events (0 events):
No events


Dynamic libraries:
80000000-d5580000 ---p 00000000 00:00 0 
55ad67cda000-55ad67cdb000 r--p 00000000 08:02 39485                      /usr/lib/jvm/java-8-openjdk-amd64/jre/bin/java
55ad67cdb000-55ad67cdc000 r-xp 00001000 08:02 39485                      /usr/lib/jvm/java-8-openjdk-amd64/jre/bin/java
55ad67cdc000-55ad67cdd000 r--p 00002000 08:02 39485                      /usr/lib/jvm/java-8-openjdk-amd64/jre/bin/java
55ad67cdd000-55ad67cde000 r--p 00002000 08:02 39485                      /usr/lib/jvm/java-8-openjdk-amd64/jre/bin/java
55ad67cde000-55ad67cdf000 rw-p 00003000 08:02 39485                      /usr/lib/jvm/java-8-openjdk-amd64/jre/bin/java
55ad695ec000-55ad6960d000 rw-p 00000000 00:00 0                          [heap]
7fc209000000-7fc209270000 rwxp 00000000 00:00 0 
7fc209270000-7fc218000000 ---p 00000000 00:00 0 
7fc218000000-7fc218031000 rw-p 00000000 00:00 0 
7fc218031000-7fc21c000000 ---p 00000000 00:00 0 
7fc21f478000-7fc21f878000 ---p 00000000 00:00 0 
7fc21f878000-7fc21f883000 rw-p 00000000 00:00 0 
7fc21f883000-7fc21fc39000 ---p 00000000 00:00 0 
7fc21fc39000-7fc21fc3c000 r--p 00000000 08:02 8112                       /usr/lib/x86_64-linux-gnu/libnss_files-2.29.so
7fc21fc3c000-7fc21fc43000 r-xp 00003000 08:02 8112                       /usr/lib/x86_64-linux-gnu/libnss_files-2.29.so
7fc21fc43000-7fc21fc45000 r--p 0000a000 08:02 8112                       /usr/lib/x86_64-linux-gnu/libnss_files-2.29.so
7fc21fc45000-7fc21fc46000 r--p 0000b000 08:02 8112                       /usr/lib/x86_64-linux-gnu/libnss_files-2.29.so
7fc21fc46000-7fc21fc47000 rw-p 0000c000 08:02 8112                       /usr/lib/x86_64-linux-gnu/libnss_files-2.29.so
7fc21fc47000-7fc21fc4d000 rw-p 00000000 00:00 0 
7fc21fc51000-7fc21fc54000 r--p 00000000 08:02 39576                      /usr/lib/jvm/java-8-openjdk-amd64/jre/lib/amd64/libzip.so
7fc21fc54000-7fc21fc58000 r-xp 00003000 08:02 39576                      /usr/lib/jvm/java-8-openjdk-amd64/jre/lib/amd64/libzip.so
7fc21fc58000-7fc21fc5a000 r--p 00007000 08:02 39576                      /usr/lib/jvm/java-8-openjdk-amd64/jre/lib/amd64/libzip.so
7fc21fc5a000-7fc21fc5b000 r--p 00008000 08:02 39576                      /usr/lib/jvm/java-8-openjdk-amd64/jre/lib/amd64/libzip.so
7fc21fc5b000-7fc21fc5c000 rw-p 00009000 08:02 39576                      /usr/lib/jvm/java-8-openjdk-amd64/jre/lib/amd64/libzip.so
7fc21fc5c000-7fc21fc64000 rw-s 00000000 08:02 283722                     /tmp/hsperfdata_root/3013
7fc21fc64000-7fc21fc71000 r--p 00000000 08:02 39557                      /usr/lib/jvm/java-8-openjdk-amd64/jre/lib/amd64/libjava.so
7fc21fc71000-7fc21fc89000 r-xp 0000d000 08:02 39557                      /usr/lib/jvm/java-8-openjdk-amd64/jre/lib/amd64/libjava.so
7fc21fc89000-7fc21fc90000 r--p 00025000 08:02 39557                      /usr/lib/jvm/java-8-openjdk-amd64/jre/lib/amd64/libjava.so
7fc21fc90000-7fc21fc91000 r--p 0002b000 08:02 39557                      /usr/lib/jvm/java-8-openjdk-amd64/jre/lib/amd64/libjava.so
7fc21fc91000-7fc21fc93000 rw-p 0002c000 08:02 39557                      /usr/lib/jvm/java-8-openjdk-amd64/jre/lib/amd64/libjava.so
7fc21fc93000-7fc21fc96000 r--p 00000000 08:02 8153                       /usr/lib/x86_64-linux-gnu/librt-2.29.so
7fc21fc96000-7fc21fc9a000 r-xp 00003000 08:02 8153                       /usr/lib/x86_64-linux-gnu/librt-2.29.so
7fc21fc9a000-7fc21fc9c000 r--p 00007000 08:02 8153                       /usr/lib/x86_64-linux-gnu/librt-2.29.so
7fc21fc9c000-7fc21fc9d000 r--p 00008000 08:02 8153                       /usr/lib/x86_64-linux-gnu/librt-2.29.so
7fc21fc9d000-7fc21fc9e000 rw-p 00009000 08:02 8153                       /usr/lib/x86_64-linux-gnu/librt-2.29.so
7fc21fc9e000-7fc21fc9f000 ---p 00000000 00:00 0 
7fc21fc9f000-7fc21fca2000 ---p 00000000 00:00 0 
7fc21fca2000-7fc21fd9f000 rw-p 00000000 00:00 0 
7fc21fd9f000-7fc21fda2000 r--p 00000000 08:02 8025                       /usr/lib/x86_64-linux-gnu/libgcc_s.so.1
7fc21fda2000-7fc21fdb3000 r-xp 00003000 08:02 8025                       /usr/lib/x86_64-linux-gnu/libgcc_s.so.1
7fc21fdb3000-7fc21fdb7000 r--p 00014000 08:02 8025                       /usr/lib/x86_64-linux-gnu/libgcc_s.so.1
7fc21fdb7000-7fc21fdb8000 r--p 00017000 08:02 8025                       /usr/lib/x86_64-linux-gnu/libgcc_s.so.1
7fc21fdb8000-7fc21fdb9000 rw-p 00018000 08:02 8025                       /usr/lib/x86_64-linux-gnu/libgcc_s.so.1
7fc21fdb9000-7fc21fdc8000 r--p 00000000 08:02 8084                       /usr/lib/x86_64-linux-gnu/libm-2.29.so
7fc21fdc8000-7fc21fe6e000 r-xp 0000f000 08:02 8084                       /usr/lib/x86_64-linux-gnu/libm-2.29.so
7fc21fe6e000-7fc21ff05000 r--p 000b5000 08:02 8084                       /usr/lib/x86_64-linux-gnu/libm-2.29.so
7fc21ff05000-7fc21ff06000 r--p 0014b000 08:02 8084                       /usr/lib/x86_64-linux-gnu/libm-2.29.so
7fc21ff06000-7fc21ff07000 rw-p 0014c000 08:02 8084                       /usr/lib/x86_64-linux-gnu/libm-2.29.so
7fc21ff07000-7fc21ff9c000 r--p 00000000 08:02 8171                       /usr/lib/x86_64-linux-gnu/libstdc++.so.6.0.26
7fc21ff9c000-7fc22008d000 r-xp 00095000 08:02 8171                       /usr/lib/x86_64-linux-gnu/libstdc++.so.6.0.26
7fc22008d000-7fc2200d6000 r--p 00186000 08:02 8171                       /usr/lib/x86_64-linux-gnu/libstdc++.so.6.0.26
7fc2200d6000-7fc2200d7000 ---p 001cf000 08:02 8171                       /usr/lib/x86_64-linux-gnu/libstdc++.so.6.0.26
7fc2200d7000-7fc2200e2000 r--p 001cf000 08:02 8171                       /usr/lib/x86_64-linux-gnu/libstdc++.so.6.0.26
7fc2200e2000-7fc2200e5000 rw-p 001da000 08:02 8171                       /usr/lib/x86_64-linux-gnu/libstdc++.so.6.0.26
7fc2200e5000-7fc2200e8000 rw-p 00000000 00:00 0 
7fc2200e8000-7fc2202d7000 r--p 00000000 08:02 39579                      /usr/lib/jvm/java-8-openjdk-amd64/jre/lib/amd64/server/libjvm.so
7fc2202d7000-7fc220b28000 r-xp 001ef000 08:02 39579                      /usr/lib/jvm/java-8-openjdk-amd64/jre/lib/amd64/server/libjvm.so
7fc220b28000-7fc220cc6000 r--p 00a40000 08:02 39579                      /usr/lib/jvm/java-8-openjdk-amd64/jre/lib/amd64/server/libjvm.so
7fc220cc6000-7fc220d5a000 r--p 00bdd000 08:02 39579                      /usr/lib/jvm/java-8-openjdk-amd64/jre/lib/amd64/server/libjvm.so
7fc220d5a000-7fc220d83000 rw-p 00c71000 08:02 39579                      /usr/lib/jvm/java-8-openjdk-amd64/jre/lib/amd64/server/libjvm.so
7fc220d83000-7fc220db5000 rw-p 00000000 00:00 0 
7fc220db5000-7fc220dbc000 r--p 00000000 08:02 8146                       /usr/lib/x86_64-linux-gnu/libpthread-2.29.so
7fc220dbc000-7fc220dcb000 r-xp 00007000 08:02 8146                       /usr/lib/x86_64-linux-gnu/libpthread-2.29.so
7fc220dcb000-7fc220dd0000 r--p 00016000 08:02 8146                       /usr/lib/x86_64-linux-gnu/libpthread-2.29.so
7fc220dd0000-7fc220dd1000 r--p 0001a000 08:02 8146                       /usr/lib/x86_64-linux-gnu/libpthread-2.29.so
7fc220dd1000-7fc220dd2000 rw-p 0001b000 08:02 8146                       /usr/lib/x86_64-linux-gnu/libpthread-2.29.so
7fc220dd2000-7fc220dd6000 rw-p 00000000 00:00 0 
7fc220dd6000-7fc220dd7000 r--p 00000000 08:02 8000                       /usr/lib/x86_64-linux-gnu/libdl-2.29.so
7fc220dd7000-7fc220dd9000 r-xp 00001000 08:02 8000                       /usr/lib/x86_64-linux-gnu/libdl-2.29.so
7fc220dd9000-7fc220dda000 r--p 00003000 08:02 8000                       /usr/lib/x86_64-linux-gnu/libdl-2.29.so
7fc220dda000-7fc220ddb000 r--p 00003000 08:02 8000                       /usr/lib/x86_64-linux-gnu/libdl-2.29.so
7fc220ddb000-7fc220ddc000 rw-p 00004000 08:02 8000                       /usr/lib/x86_64-linux-gnu/libdl-2.29.so
7fc220ddc000-7fc220dde000 r--p 00000000 08:02 8206                       /usr/lib/x86_64-linux-gnu/libz.so.1.2.11
7fc220dde000-7fc220def000 r-xp 00002000 08:02 8206                       /usr/lib/x86_64-linux-gnu/libz.so.1.2.11
7fc220def000-7fc220df5000 r--p 00013000 08:02 8206                       /usr/lib/x86_64-linux-gnu/libz.so.1.2.11
7fc220df5000-7fc220df6000 ---p 00019000 08:02 8206                       /usr/lib/x86_64-linux-gnu/libz.so.1.2.11
7fc220df6000-7fc220df7000 r--p 00019000 08:02 8206                       /usr/lib/x86_64-linux-gnu/libz.so.1.2.11
7fc220df7000-7fc220df8000 rw-p 0001a000 08:02 8206                       /usr/lib/x86_64-linux-gnu/libz.so.1.2.11
7fc220df8000-7fc220e1d000 r--p 00000000 08:02 7985                       /usr/lib/x86_64-linux-gnu/libc-2.29.so
7fc220e1d000-7fc220f90000 r-xp 00025000 08:02 7985                       /usr/lib/x86_64-linux-gnu/libc-2.29.so
7fc220f90000-7fc220fd9000 r--p 00198000 08:02 7985                       /usr/lib/x86_64-linux-gnu/libc-2.29.so
7fc220fd9000-7fc220fdc000 r--p 001e0000 08:02 7985                       /usr/lib/x86_64-linux-gnu/libc-2.29.so
7fc220fdc000-7fc220fdf000 rw-p 001e3000 08:02 7985                       /usr/lib/x86_64-linux-gnu/libc-2.29.so
7fc220fdf000-7fc220fe3000 rw-p 00000000 00:00 0 
7fc220fe5000-7fc220fe6000 rw-p 00000000 00:00 0 
7fc220fe6000-7fc220fe7000 r--p 00000000 00:00 0 
7fc220fe7000-7fc220fec000 r--p 00000000 08:02 39575                      /usr/lib/jvm/java-8-openjdk-amd64/jre/lib/amd64/libverify.so
7fc220fec000-7fc220ff5000 r-xp 00005000 08:02 39575                      /usr/lib/jvm/java-8-openjdk-amd64/jre/lib/amd64/libverify.so
7fc220ff5000-7fc220ff7000 r--p 0000e000 08:02 39575                      /usr/lib/jvm/java-8-openjdk-amd64/jre/lib/amd64/libverify.so
7fc220ff7000-7fc220ff9000 r--p 0000f000 08:02 39575                      /usr/lib/jvm/java-8-openjdk-amd64/jre/lib/amd64/libverify.so
7fc220ff9000-7fc220ffa000 rw-p 00011000 08:02 39575                      /usr/lib/jvm/java-8-openjdk-amd64/jre/lib/amd64/libverify.so
7fc220ffa000-7fc220ffc000 r--p 00000000 08:02 39511                      /usr/lib/jvm/java-8-openjdk-amd64/jre/lib/amd64/jli/libjli.so
7fc220ffc000-7fc221005000 r-xp 00002000 08:02 39511                      /usr/lib/jvm/java-8-openjdk-amd64/jre/lib/amd64/jli/libjli.so
7fc221005000-7fc221008000 r--p 0000b000 08:02 39511                      /usr/lib/jvm/java-8-openjdk-amd64/jre/lib/amd64/jli/libjli.so
7fc221008000-7fc221009000 r--p 0000d000 08:02 39511                      /usr/lib/jvm/java-8-openjdk-amd64/jre/lib/amd64/jli/libjli.so
7fc221009000-7fc22100a000 rw-p 0000e000 08:02 39511                      /usr/lib/jvm/java-8-openjdk-amd64/jre/lib/amd64/jli/libjli.so
7fc22100a000-7fc22100c000 rw-p 00000000 00:00 0 
7fc22100c000-7fc22100d000 r--p 00000000 08:02 7958                       /usr/lib/x86_64-linux-gnu/ld-2.29.so
7fc22100d000-7fc22102e000 r-xp 00001000 08:02 7958                       /usr/lib/x86_64-linux-gnu/ld-2.29.so
7fc22102e000-7fc221036000 r--p 00022000 08:02 7958                       /usr/lib/x86_64-linux-gnu/ld-2.29.so
7fc221036000-7fc221037000 r--p 00029000 08:02 7958                       /usr/lib/x86_64-linux-gnu/ld-2.29.so
7fc221037000-7fc221038000 rw-p 0002a000 08:02 7958                       /usr/lib/x86_64-linux-gnu/ld-2.29.so
7fc221038000-7fc221039000 rw-p 00000000 00:00 0 
7ffc3da09000-7ffc3da2a000 rw-p 00000000 00:00 0                          [stack]
7ffc3dbfb000-7ffc3dbfe000 r--p 00000000 00:00 0                          [vvar]
7ffc3dbfe000-7ffc3dbff000 r-xp 00000000 00:00 0                          [vdso]
ffffffffff600000-ffffffffff601000 r-xp 00000000 00:00 0                  [vsyscall]

VM Arguments:
jvm_args: -Xms2048M -Xmx2048M 
java_command: server.jar
java_class_path (initial): server.jar
Launcher Type: SUN_STANDARD

Environment Variables:
PATH=/usr/local/sbin:/usr/local/bin:/usr/sbin:/usr/bin:/sbin:/bin:/snap/bin
SHELL=/bin/bash

Signal Handlers:
SIGSEGV: [libjvm.so+0xa1f680], sa_mask[0]=11111111011111111101111111111110, sa_flags=SA_RESTART|SA_SIGINFO
SIGBUS: [libjvm.so+0xa1f680], sa_mask[0]=11111111011111111101111111111110, sa_flags=SA_RESTART|SA_SIGINFO
SIGFPE: [libjvm.so+0x87ede0], sa_mask[0]=11111111011111111101111111111110, sa_flags=SA_RESTART|SA_SIGINFO
SIGPIPE: [libjvm.so+0x87ede0], sa_mask[0]=11111111011111111101111111111110, sa_flags=SA_RESTART|SA_SIGINFO
SIGXFSZ: [libjvm.so+0x87ede0], sa_mask[0]=11111111011111111101111111111110, sa_flags=SA_RESTART|SA_SIGINFO
SIGILL: [libjvm.so+0x87ede0], sa_mask[0]=11111111011111111101111111111110, sa_flags=SA_RESTART|SA_SIGINFO
SIGUSR1: SIG_DFL, sa_mask[0]=00000000000000000000000000000000, sa_flags=none
SIGUSR2: [libjvm.so+0x87ec80], sa_mask[0]=00000000000000000000000000000000, sa_flags=SA_RESTART|SA_SIGINFO
SIGHUP: SIG_DFL, sa_mask[0]=00000000000000000000000000000000, sa_flags=none
SIGINT: SIG_DFL, sa_mask[0]=00000000000000000000000000000000, sa_flags=none
SIGTERM: SIG_DFL, sa_mask[0]=00000000000000000000000000000000, sa_flags=none
SIGQUIT: SIG_DFL, sa_mask[0]=00000000000000000000000000000000, sa_flags=none


---------------  S Y S T E M  ---------------

OS:DISTRIB_ID=Ubuntu
DISTRIB_RELEASE=19.04
DISTRIB_CODENAME=disco
DISTRIB_DESCRIPTION="Ubuntu 19.04"

uname:Linux 5.0.0-13-generic #14-Ubuntu SMP Mon Apr 15 14:59:14 UTC 2019 x86_64
libc:glibc 2.29 NPTL 2.29 
rlimit: STACK 8192k, CORE 0k, NPROC 15479, NOFILE 1048576, AS infinity
load average:0.82 0.93 0.98

/proc/meminfo:
MemTotal:        4036816 kB
MemFree:          109064 kB
MemAvailable:      44968 kB
Buffers:           11408 kB
Cached:            69736 kB
SwapCached:            0 kB
Active:          3696480 kB
Inactive:          31884 kB
Active(anon):    3656180 kB
Inactive(anon):     1640 kB
Active(file):      40300 kB
Inactive(file):    30244 kB
Unevictable:       18676 kB
Mlocked:           18676 kB
SwapTotal:             0 kB
SwapFree:              0 kB
Dirty:                84 kB
Writeback:             0 kB
AnonPages:       3666004 kB
Mapped:            43248 kB
Shmem:              2708 kB
KReclaimable:      38368 kB
Slab:             108136 kB
SReclaimable:      38368 kB
SUnreclaim:        69768 kB
KernelStack:        3648 kB
PageTables:        10776 kB
NFS_Unstable:          0 kB
Bounce:                0 kB
WritebackTmp:          0 kB
CommitLimit:     2018408 kB
Committed_AS:    4227980 kB
VmallocTotal:   34359738367 kB
VmallocUsed:           0 kB
VmallocChunk:          0 kB
Percpu:             1840 kB
HardwareCorrupted:     0 kB
AnonHugePages:         0 kB
ShmemHugePages:        0 kB
ShmemPmdMapped:        0 kB
CmaTotal:              0 kB
CmaFree:               0 kB
HugePages_Total:       0
HugePages_Free:        0
HugePages_Rsvd:        0
HugePages_Surp:        0
Hugepagesize:       2048 kB
Hugetlb:               0 kB
DirectMap4k:      126912 kB
DirectMap2M:     4067328 kB

container (cgroup) information:
container_type: cgroupv1
cpu_cpuset_cpus: 0-3
cpu_memory_nodes: 0
active_processor_count: 4
cpu_quota: -1
cpu_period: 100000
cpu_shares: -1
memory_limit_in_bytes: -1
memory_and_swap_limit_in_bytes: -2
memory_soft_limit_in_bytes: -1
memory_usage_in_bytes: 3698032640
memory_max_usage_in_bytes: 3755298816


CPU:total 4 (initial active 4) (4 cores per cpu, 1 threads per core) family 6 model 94 stepping 3, cmov, cx8, fxsr, mmx, sse, sse2, sse3, ssse3, sse4.1, sse4.2, popcnt, avx, avx2, aes, clmul, 3dnowpref, lzcnt, tsc, tscinvbit

/proc/cpuinfo:
processor	: 0
vendor_id	: GenuineIntel
cpu family	: 6
model		: 94
model name	: Intel(R) Core(TM) i7-6700 CPU @ 3.40GHz
stepping	: 3
cpu MHz		: 3407.994
cache size	: 8192 KB
physical id	: 0
siblings	: 4
core id		: 0
cpu cores	: 4
apicid		: 0
initial apicid	: 0
fpu		: yes
fpu_exception	: yes
cpuid level	: 22
wp		: yes
flags		: fpu vme de pse tsc msr pae mce cx8 apic sep mtrr pge mca cmov pat pse36 clflush mmx fxsr sse sse2 ht syscall nx rdtscp lm constant_tsc rep_good nopl xtopology nonstop_tsc cpuid tsc_known_freq pni pclmulqdq ssse3 cx16 pcid sse4_1 sse4_2 x2apic movbe popcnt aes xsave avx rdrand hypervisor lahf_lm abm 3dnowprefetch invpcid_single pti fsgsbase avx2 invpcid rdseed clflushopt
bugs		: cpu_meltdown spectre_v1 spectre_v2 spec_store_bypass l1tf
bogomips	: 6815.98
clflush size	: 64
cache_alignment	: 64
address sizes	: 39 bits physical, 48 bits virtual
power management:

processor	: 1
vendor_id	: GenuineIntel
cpu family	: 6
model		: 94
model name	: Intel(R) Core(TM) i7-6700 CPU @ 3.40GHz
stepping	: 3
cpu MHz		: 3407.994
cache size	: 8192 KB
physical id	: 0
siblings	: 4
core id		: 1
cpu cores	: 4
apicid		: 1
initial apicid	: 1
fpu		: yes
fpu_exception	: yes
cpuid level	: 22
wp		: yes
flags		: fpu vme de pse tsc msr pae mce cx8 apic sep mtrr pge mca cmov pat pse36 clflush mmx fxsr sse sse2 ht syscall nx rdtscp lm constant_tsc rep_good nopl xtopology nonstop_tsc cpuid tsc_known_freq pni pclmulqdq ssse3 cx16 pcid sse4_1 sse4_2 x2apic movbe popcnt aes xsave avx rdrand hypervisor lahf_lm abm 3dnowprefetch invpcid_single pti fsgsbase avx2 invpcid rdseed clflushopt
bugs		: cpu_meltdown spectre_v1 spectre_v2 spec_store_bypass l1tf
bogomips	: 6815.98
clflush size	: 64
cache_alignment	: 64
address sizes	: 39 bits physical, 48 bits virtual
power management:

processor	: 2
vendor_id	: GenuineIntel
cpu family	: 6
model		: 94
model name	: Intel(R) Core(TM) i7-6700 CPU @ 3.40GHz
stepping	: 3
cpu MHz		: 3407.994
cache size	: 8192 KB
physical id	: 0
siblings	: 4
core id		: 2
cpu cores	: 4
apicid		: 2
initial apicid	: 2
fpu		: yes
fpu_exception	: yes
cpuid level	: 22
wp		: yes
flags		: fpu vme de pse tsc msr pae mce cx8 apic sep mtrr pge mca cmov pat pse36 clflush mmx fxsr sse sse2 ht syscall nx rdtscp lm constant_tsc rep_good nopl xtopology nonstop_tsc cpuid tsc_known_freq pni pclmulqdq ssse3 cx16 pcid sse4_1 sse4_2 x2apic movbe popcnt aes xsave avx rdrand hypervisor lahf_lm abm 3dnowprefetch invpcid_single pti fsgsbase avx2 invpcid rdseed clflushopt
bugs		: cpu_meltdown spectre_v1 spectre_v2 spec_store_bypass l1tf
bogomips	: 6815.98
clflush size	: 64
cache_alignment	: 64
address sizes	: 39 bits physical, 48 bits virtual
power management:

processor	: 3
vendor_id	: GenuineIntel
cpu family	: 6
model		: 94
model name	: Intel(R) Core(TM) i7-6700 CPU @ 3.40GHz
stepping	: 3
cpu MHz		: 3407.994
cache size	: 8192 KB
physical id	: 0
siblings	: 4
core id		: 3
cpu cores	: 4
apicid		: 3
initial apicid	: 3
fpu		: yes
fpu_exception	: yes
cpuid level	: 22
wp		: yes
flags		: fpu vme de pse tsc msr pae mce cx8 apic sep mtrr pge mca cmov pat pse36 clflush mmx fxsr sse sse2 ht syscall nx rdtscp lm constant_tsc rep_good nopl xtopology nonstop_tsc cpuid tsc_known_freq pni pclmulqdq ssse3 cx16 pcid sse4_1 sse4_2 x2apic movbe popcnt aes xsave avx rdrand hypervisor lahf_lm abm 3dnowprefetch invpcid_single pti fsgsbase avx2 invpcid rdseed clflushopt
bugs		: cpu_meltdown spectre_v1 spectre_v2 spec_store_bypass l1tf
bogomips	: 6815.98
clflush size	: 64
cache_alignment	: 64
address sizes	: 39 bits physical, 48 bits virtual
power management:



Memory: 4k page, physical 4036816k(108812k free), swap 0k(0k free)

vm_info: OpenJDK 64-Bit Server VM (25.212-b01) for linux-amd64 JRE (1.8.0_212-8u212-b01-1-b01), built on Mar 19 2019 07:26:02 by "buildd" with gcc 8.3.0

time: Mon May 13 00:22:09 2019
timezone: JST
elapsed time: 0 seconds (0d 0h 0m 0s)

